Arguments: 
  /usr/local/Cellar/node/10.5.0_1/bin/node /usr/local/bin/yarn add moment

PATH: 
  /Users/anacidre/.rvm/gems/ruby-2.4.1/bin:/Users/anacidre/.rvm/gems/ruby-2.4.1@global/bin:/Users/anacidre/.rvm/rubies/ruby-2.4.1/bin:/Users/anacidre/Projects/chatbot/google-cloud-sdk/bin:/usr/local/bin:/usr/bin:/bin:/usr/sbin:/sbin:/Users/anacidre/.rvm/gems/ruby-2.4.1/bin:/Users/anacidre/.rvm/gems/ruby-2.4.1@global/bin:/Users/anacidre/.rvm/rubies/ruby-2.4.1/bin:/Users/anacidre/Projects/chatbot/google-cloud-sdk/bin:/Users/anacidre/.rvm/bin:/Users/anacidre/.rvm/bin

Yarn version: 
  1.9.4

Node version: 
  10.5.0

Platform: 
  darwin x64

Trace: 
  Error: connect ENETUNREACH 104.16.18.35:443 - Local (0.0.0.0:51487)
      at internalConnect (net.js:928:16)
      at defaultTriggerAsyncIdScope (internal/async_hooks.js:294:19)
      at emitLookup (net.js:1077:9)
      at /usr/local/lib/node_modules/yarn/lib/cli.js:95893:28
      at /usr/local/lib/node_modules/yarn/lib/cli.js:95802:13
      at RawTask.module.exports.RawTask.call (/usr/local/lib/node_modules/yarn/lib/cli.js:77396:19)
      at flush (/usr/local/lib/node_modules/yarn/lib/cli.js:77478:29)
      at process._tickCallback (internal/process/next_tick.js:61:11)

npm manifest: 
  No manifest

yarn manifest: 
  No manifest

Lockfile: 
  No lockfile
